<?xml version="1.0" encoding="UTF-8"?>
<testsuite name="com.detroitlabs.LotusYogaStudio.data.ClassesRepositoryTest" tests="1" skipped="0" failures="0" errors="0" timestamp="2022-03-24T20:52:39" hostname="Elissas-MacBook-Pro.local" time="0.015">
  <properties/>
  <testcase name="searchByName()" classname="com.detroitlabs.LotusYogaStudio.data.ClassesRepositoryTest" time="0.015"/>
  <system-out><![CDATA[]]></system-out>
  <system-err><![CDATA[]]></system-err>
</testsuite>
